<?xml version="1.0" encoding="UTF-8"?>
<Site BuildName="(empty)"
	BuildStamp="20230704-1035-Experimental"
	Name="redchichi1-virtual-machine"
	Generator="ctest-3.16.3"
	CompilerName="/usr/bin/c++"
	CompilerVersion="9.4.0"
	OSName="Linux"
	Hostname="redchichi1-virtual-machine"
	OSRelease="5.15.0-76-generic"
	OSVersion="#83~20.04.1-Ubuntu SMP Wed Jun 21 20:23:31 UTC 2023"
	OSPlatform="x86_64"
	Is64Bits="1"
	VendorString="AuthenticAMD"
	VendorID="Advanced Micro Devices"
	FamilyID="23"
	ModelID="104"
	ProcessorCacheSize="512"
	NumberOfLogicalCPU="4"
	NumberOfPhysicalCPU="4"
	TotalVirtualMemory="1162"
	TotalPhysicalMemory="3877"
	LogicalProcessorsPerPhysical="1"
	ProcessorClockFrequency="1796.57"
	>
	<Testing>
		<StartDateTime>Jul 04 18:40 CST</StartDateTime>
		<StartTestTime>1688467208</StartTestTime>
		<TestList/>
		<EndDateTime>Jul 04 18:40 CST</EndDateTime>
		<EndTestTime>1688467208</EndTestTime>
		<ElapsedMinutes>0</ElapsedMinutes>
	</Testing>
</Site>
